PLINK v1.90b6.21 64-bit (19 Oct 2020)
Options in effect:
  --bfile KGPH3abionet/geno_all/KGPH3abionet
  --extract range utils/listsnparray_pheno1.tokeep
  --keep utils/subpop_ind.tsv
  --make-bed
  --out data/array_plk/array

Hostname: n15.core.wits.ac.za
Working directory: /home/jeantristan/Travail/git/h3agwas_buildexample/1000G/build_dataset_example
Start time: Mon Jul 11 14:52:25 2022

Random number seed: 1657543945
50151 MB RAM detected; reserving 25075 MB for main workspace.
2133532 variants loaded from .bim file.
2504 people (1248 males, 1256 females) loaded from .fam.
--extract range: 2083393 variants excluded.
--extract range: 50139 variants remaining.
--keep: 550 people remaining.
Using 1 thread (no multithreaded calculations invoked).
Before main variant filters, 550 founders and 0 nonfounders present.
Calculating allele frequencies... done.
Warning: 8380 het. haploid genotypes present (see data/array_plk/array.hh );
many commands treat these as missing.
Total genotyping rate in remaining samples is 0.999863.
50139 variants and 550 people pass filters and QC.
Note: No phenotypes present.
--make-bed to data/array_plk/array.bed + data/array_plk/array.bim +
data/array_plk/array.fam ... done.

End time: Mon Jul 11 14:52:29 2022
